# JRE version: Java(TM) SE Runtime Environment (25.0.2+10) (build 25.0.2+10-LTS-69)
# Java VM: Java HotSpot(TM) 64-Bit Server VM (25.0.2+10-LTS-69, mixed mode, sharing, tiered, compressed oops, compressed class ptrs, g1 gc, bsd-aarch64)
Heap:
 garbage-first heap   total reserved 4194304K, committed 352256K, used 123126K [0x0000000300800000, 0x0000000400800000)
  region size 2048K, 58 young (118784K), 8 survivors (16384K)
GC Heap Usage History (8 events):
Event: 0.414 {heap Before GC invocations=0 (full 0):
 garbage-first heap   total reserved 4194304K, committed 264192K, used 50305K [0x0000000300800000, 0x0000000400800000)
  region size 2048K, 24 young (49152K), 0 survivors (0K)
}
Event: 0.415 {heap After GC invocations=1 (full 0):
 garbage-first heap   total reserved 4194304K, committed 264192K, used 6257K [0x0000000300800000, 0x0000000400800000)
  region size 2048K, 3 young (6144K), 3 survivors (6144K)
}
Event: 8.242 {heap Before GC invocations=1 (full 0):
 garbage-first heap   total reserved 4194304K, committed 264192K, used 122993K [0x0000000300800000, 0x0000000400800000)
  region size 2048K, 59 young (120832K), 3 survivors (6144K)
}
Event: 8.246 {heap After GC invocations=2 (full 0):
 garbage-first heap   total reserved 4194304K, committed 264192K, used 15489K [0x0000000300800000, 0x0000000400800000)
  region size 2048K, 6 young (12288K), 6 survivors (12288K)
}
Event: 11.133 {heap Before GC invocations=2 (full 0):
 garbage-first heap   total reserved 4194304K, committed 264192K, used 126081K [0x0000000300800000, 0x0000000400800000)
  region size 2048K, 61 young (124928K), 6 survivors (12288K)
}
Event: 11.137 {heap After GC invocations=3 (full 0):
 garbage-first heap   total reserved 4194304K, committed 264192K, used 18213K [0x0000000300800000, 0x0000000400800000)
  region size 2048K, 5 young (10240K), 5 survivors (10240K)
}
Event: 24.531 {heap Before GC invocations=3 (full 0):
 garbage-first heap   total reserved 4194304K, committed 335872K, used 333605K [0x0000000300800000, 0x0000000400800000)
  region size 2048K, 69 young (141312K), 5 survivors (10240K)
}
Event: 24.535 {heap After GC invocations=4 (full 0):
 garbage-first heap   total reserved 4194304K, committed 352256K, used 22774K [0x0000000300800000, 0x0000000400800000)
  region size 2048K, 8 young (16384K), 8 survivors (16384K)
}

